<?xml version="1.0" encoding="UTF-8"?>
<testng-results ignored="0" total="2" passed="2" failed="0" skipped="0">
  <reporter-output>
  </reporter-output>
  <suite started-at="2023-08-02T15:04:28 IST" name="Default suite" finished-at="2023-08-02T15:04:47 IST" duration-ms="19018">
    <groups>
    </groups>
    <test started-at="2023-08-02T15:04:28 IST" name="Default test" finished-at="2023-08-02T15:04:47 IST" duration-ms="19018">
      <class name="loginPageTest.loginpageTest">
        <test-method is-config="true" signature="setup()[pri:0, instance:loginPageTest.loginpageTest@a1153bc]" started-at="2023-08-02T15:04:28 IST" name="setup" finished-at="2023-08-02T15:04:41 IST" duration-ms="13348" status="PASS">
          <reporter-output>
          </reporter-output>
        </test-method> <!-- setup -->
        <test-method signature="getTitleTest()[pri:0, instance:loginPageTest.loginpageTest@a1153bc]" started-at="2023-08-02T15:04:41 IST" name="getTitleTest" finished-at="2023-08-02T15:04:41 IST" duration-ms="41" status="PASS">
          <reporter-output>
          </reporter-output>
        </test-method> <!-- getTitleTest -->
        <test-method signature="getURL()[pri:0, instance:loginPageTest.loginpageTest@a1153bc]" started-at="2023-08-02T15:04:41 IST" name="getURL" finished-at="2023-08-02T15:04:41 IST" duration-ms="45" status="PASS">
          <reporter-output>
          </reporter-output>
        </test-method> <!-- getURL -->
        <test-method is-config="true" signature="tearDown()[pri:0, instance:loginPageTest.loginpageTest@a1153bc]" started-at="2023-08-02T15:04:41 IST" name="tearDown" finished-at="2023-08-02T15:04:47 IST" duration-ms="5522" status="PASS">
          <reporter-output>
          </reporter-output>
        </test-method> <!-- tearDown -->
      </class> <!-- loginPageTest.loginpageTest -->
    </test> <!-- Default test -->
  </suite> <!-- Default suite -->
</testng-results>
